<?xml version="1.0" encoding="UTF-8"?>
<!-- Generated by org.testng.reporters.JUnitXMLReporter -->
<testsuite hostname="Sasi-PC" ignored="0" name="Default test" tests="3" failures="0" timestamp="01 Aug 2021 04:13:01 GMT" time="0.16" errors="0">
  <testcase name="doLogin" time="0.043" classname="ReadingData.TestParameterization"/>
  <testcase name="doLogin" time="0.005" classname="ReadingData.TestParameterization"/>
  <testcase name="doLogin" time="0.011" classname="ReadingData.TestParameterization"/>
</testsuite> <!-- Default test -->
