<?xml version="1.0" encoding="UTF-8"?>
<!-- Generated by org.testng.reporters.JUnitXMLReporter -->
<testsuite hostname="Sasi-PC" ignored="0" name="Test" tests="5" failures="5" timestamp="01 Aug 2021 04:08:17 GMT" time="2.061" errors="0">
  <testcase name="test" time="1.998" classname="Parameterization.ParameterizationWithTestNgXML">
    <failure type="java.lang.InterruptedException" message="sleep interrupted">
      <![CDATA[java.lang.InterruptedException: sleep interrupted
	at java.lang.Thread.sleep(Native Method)
	at Parameterization.ParameterizationWithTestNgXML.test(ParameterizationWithTestNgXML.java:13)
	at java.util.concurrent.FutureTask.run(FutureTask.java:266)
	at java.util.concurrent.ThreadPoolExecutor.runWorker(ThreadPoolExecutor.java:1149)
	at java.util.concurrent.ThreadPoolExecutor$Worker.run(ThreadPoolExecutor.java:624)
	at java.lang.Thread.run(Thread.java:748)
... Removed 15 stack frames]]>
    </failure>
  </testcase> <!-- test -->
  <testcase name="test" time="1.997" classname="Parameterization.ParameterizationWithTestNgXML">
    <failure type="java.lang.InterruptedException" message="sleep interrupted">
      <![CDATA[java.lang.InterruptedException: sleep interrupted
	at java.lang.Thread.sleep(Native Method)
	at Parameterization.ParameterizationWithTestNgXML.test(ParameterizationWithTestNgXML.java:13)
	at java.util.concurrent.FutureTask.run(FutureTask.java:266)
	at java.util.concurrent.ThreadPoolExecutor.runWorker(ThreadPoolExecutor.java:1149)
	at java.util.concurrent.ThreadPoolExecutor$Worker.run(ThreadPoolExecutor.java:624)
	at java.lang.Thread.run(Thread.java:748)
... Removed 15 stack frames]]>
    </failure>
  </testcase> <!-- test -->
  <testcase name="test" time="1.998" classname="Parameterization.ParameterizationWithTestNgXML">
    <failure type="java.lang.InterruptedException" message="sleep interrupted">
      <![CDATA[java.lang.InterruptedException: sleep interrupted
	at java.lang.Thread.sleep(Native Method)
	at Parameterization.ParameterizationWithTestNgXML.test(ParameterizationWithTestNgXML.java:13)
	at java.util.concurrent.FutureTask.run(FutureTask.java:266)
	at java.util.concurrent.ThreadPoolExecutor.runWorker(ThreadPoolExecutor.java:1149)
	at java.util.concurrent.ThreadPoolExecutor$Worker.run(ThreadPoolExecutor.java:624)
	at java.lang.Thread.run(Thread.java:748)
... Removed 15 stack frames]]>
    </failure>
  </testcase> <!-- test -->
  <testcase name="test" time="1.998" classname="Parameterization.ParameterizationWithTestNgXML">
    <failure type="java.lang.InterruptedException" message="sleep interrupted">
      <![CDATA[java.lang.InterruptedException: sleep interrupted
	at java.lang.Thread.sleep(Native Method)
	at Parameterization.ParameterizationWithTestNgXML.test(ParameterizationWithTestNgXML.java:13)
	at java.util.concurrent.FutureTask.run(FutureTask.java:266)
	at java.util.concurrent.ThreadPoolExecutor.runWorker(ThreadPoolExecutor.java:1149)
	at java.util.concurrent.ThreadPoolExecutor$Worker.run(ThreadPoolExecutor.java:624)
	at java.lang.Thread.run(Thread.java:748)
... Removed 15 stack frames]]>
    </failure>
  </testcase> <!-- test -->
  <testcase name="test" time="1.997" classname="Parameterization.ParameterizationWithTestNgXML">
    <failure type="java.lang.InterruptedException" message="sleep interrupted">
      <![CDATA[java.lang.InterruptedException: sleep interrupted
	at java.lang.Thread.sleep(Native Method)
	at Parameterization.ParameterizationWithTestNgXML.test(ParameterizationWithTestNgXML.java:13)
	at java.util.concurrent.FutureTask.run(FutureTask.java:266)
	at java.util.concurrent.ThreadPoolExecutor.runWorker(ThreadPoolExecutor.java:1149)
	at java.util.concurrent.ThreadPoolExecutor$Worker.run(ThreadPoolExecutor.java:624)
	at java.lang.Thread.run(Thread.java:748)
... Removed 15 stack frames]]>
    </failure>
  </testcase> <!-- test -->
</testsuite> <!-- Test -->
