<?xml version="1.0" encoding="UTF-8"?>
<testng-results skipped="0" failed="0" ignored="0" total="1" passed="1">
  <reporter-output>
  </reporter-output>
  <suite name="Suite" duration-ms="117675" started-at="2021-09-14T04:49:23Z" finished-at="2021-09-14T04:51:21Z">
    <groups>
    </groups>
    <test name="Test1" duration-ms="117675" started-at="2021-09-14T04:49:23Z" finished-at="2021-09-14T04:51:21Z">
      <class name="com.ProjectName.ModuleName.TestScripts.TC004_Verify_User_Able_To_Select_DropDown">
        <test-method status="PASS" signature="setUpFramework()[pri:0, instance:com.ProjectName.ModuleName.TestScripts.TC004_Verify_User_Able_To_Select_DropDown@bd8db5a]" name="setUpFramework" is-config="true" duration-ms="316" started-at="2021-09-14T10:19:23Z" finished-at="2021-09-14T10:19:23Z">
          <reporter-output>
          </reporter-output>
        </test-method> <!-- setUpFramework -->
        <test-method status="PASS" signature="TC001(java.util.Hashtable)[pri:0, instance:com.ProjectName.ModuleName.TestScripts.TC004_Verify_User_Able_To_Select_DropDown@bd8db5a]" name="TC001" duration-ms="113009" started-at="2021-09-14T10:19:25Z" data-provider="masterDP" finished-at="2021-09-14T10:21:18Z">
          <params>
            <param index="0">
              <value>
                <![CDATA[{password=, browser=chrome, Runmode=Y, username=}]]>
              </value>
            </param>
          </params>
          <reporter-output>
          </reporter-output>
        </test-method> <!-- TC001 -->
        <test-method status="PASS" signature="tearDown()[pri:0, instance:com.ProjectName.ModuleName.TestScripts.TC004_Verify_User_Able_To_Select_DropDown@bd8db5a]" name="tearDown" is-config="true" duration-ms="2968" started-at="2021-09-14T10:21:18Z" finished-at="2021-09-14T10:21:21Z">
          <reporter-output>
          </reporter-output>
        </test-method> <!-- tearDown -->
      </class> <!-- com.ProjectName.ModuleName.TestScripts.TC004_Verify_User_Able_To_Select_DropDown -->
    </test> <!-- Test1 -->
  </suite> <!-- Suite -->
</testng-results>
