<?xml version="1.0" encoding="UTF-8"?>
<testng-results skipped="0" failed="0" ignored="0" total="1" passed="1">
  <reporter-output>
  </reporter-output>
  <suite name="Suite" duration-ms="116343" started-at="2021-09-11T05:01:14Z" finished-at="2021-09-11T05:03:10Z">
    <groups>
    </groups>
    <test name="Test1" duration-ms="116343" started-at="2021-09-11T05:01:14Z" finished-at="2021-09-11T05:03:10Z">
      <class name="com.ProjectName.ModuleName.TestScripts.TC004_Verify_User_Able_To_Select_DropDown">
        <test-method status="PASS" signature="setUpFramework()[pri:0, instance:com.ProjectName.ModuleName.TestScripts.TC004_Verify_User_Able_To_Select_DropDown@bd8db5a]" name="setUpFramework" is-config="true" duration-ms="150" started-at="2021-09-11T10:31:14Z" finished-at="2021-09-11T10:31:14Z">
          <reporter-output>
          </reporter-output>
        </test-method> <!-- setUpFramework -->
        <test-method status="PASS" signature="TC001(java.util.Hashtable)[pri:0, instance:com.ProjectName.ModuleName.TestScripts.TC004_Verify_User_Able_To_Select_DropDown@bd8db5a]" name="TC001" duration-ms="113471" started-at="2021-09-11T10:31:16Z" data-provider="masterDP" finished-at="2021-09-11T10:33:10Z">
          <params>
            <param index="0">
              <value>
                <![CDATA[{password=, browser=chrome, Runmode=Y, username=}]]>
              </value>
            </param>
          </params>
          <reporter-output>
          </reporter-output>
        </test-method> <!-- TC001 -->
        <test-method status="PASS" signature="tearDown()[pri:0, instance:com.ProjectName.ModuleName.TestScripts.TC004_Verify_User_Able_To_Select_DropDown@bd8db5a]" name="tearDown" is-config="true" duration-ms="775" started-at="2021-09-11T10:33:10Z" finished-at="2021-09-11T10:33:10Z">
          <reporter-output>
          </reporter-output>
        </test-method> <!-- tearDown -->
      </class> <!-- com.ProjectName.ModuleName.TestScripts.TC004_Verify_User_Able_To_Select_DropDown -->
    </test> <!-- Test1 -->
  </suite> <!-- Suite -->
</testng-results>
